make.exe all --print-data-base --no-builtin-variables --no-builtin-rules --question
make: *** No rule to make target 'all'.  Stop.

# GNU Make 4.3
# Built for Windows32
# Copyright (C) 1988-2020 Free Software Foundation, Inc.
# License GPLv3+: GNU GPL version 3 or later <http://gnu.org/licenses/gpl.html>
# This is free software: you are free to change and redistribute it.
# There is NO WARRANTY, to the extent permitted by law.

# Make data base, printed on Mon Jul 18 09:44:15 2022

# Variables

# environment
FPS_BROWSER_APP_PROFILE_STRING = Internet Explorer
# environment
SYSTEMDRIVE = C:
# environment
JAVA_HOME = D:\DevApps\Java\JDK\15
# environment
LC_ALL = C
# environment
PNPM_HOME = D:\KUNDEN\ERNST-YOUNG\Programme\NodeJS\18.4.0\pnpm
# environment
USERPROFILE = C:\Users\rg
# environment
VBOX_MSI_INSTALL_PATH = C:\Program Files\Oracle\VirtualBox\
# environment
XAMPP_HOME = D:\SrvApps\XAMPP\8.0.7
# environment
GIT_CONFIG = D:\CLOUD\Environments\Github\config.d\r14r\gitconfig
# environment
LOCALAPPDATA = C:\Users\rg\AppData\Local
# environment
WSLENV = WT_SESSION::WT_PROFILE_ID
# environment
VSCODE_CWD = D:\KUNDEN\ERNST-YOUNG\Repositories.FromMe\PowerBI-Visuals_Tutorial_Starter
# environment
CHOCOLATEYINSTALL = D:\APPDATA\Chocolatey
# environment
ALIASES_NODE_HOME = D:\CLOUD\Environments
# environment
SYSTEMROOT = C:\WINDOWS
# environment
USE_POWERSHELL = 7.2.5
# environment
PROCESSOR_LEVEL = 6
# environment
PSMODULEPATH = D:\DATEN\OneDrive - via-internet-de - 2\OneDrive - via-internet.de\Dokumente\PowerShell\Modules;C:\Program Files (x86)\PowerShell\Modules;d:\cloud\environments\powershell\7.2.4\Modules;C:\Program Files\WindowsPowerShell\Modules;C:\WINDOWS\system32\WindowsPowerShell\v1.0\Modules
# default
MAKE_COMMAND := D:/APPDATA/Chocolatey/lib/make/tools/install/bin/make.exe
# environment
ALIASES_HOME = D:\CLOUD\Environments
# environment
NPM_CONFIG_USERCONFIG = D:\KUNDEN\ERNST-YOUNG\.npmrc
# environment
NODE_HOME = D:\KUNDEN\ERNST-YOUNG\Programme\NodeJS\18.4.0
# environment
PTSMINSTALLPATH_X86 = c:\Program Files (x86)\HP\HP ProtectTools Security Manager\Bin\
# automatic
@D = $(patsubst %/,%,$(patsubst %\,%,$(dir $@)))
# environment
RUBY_HOME = D:\CLOUD\Environments\Ruby\3.0.0-1
# environment
CHROME_CRASHPAD_PIPE_NAME = \\.\pipe\crashpad_34012_NJVLBCPYANFJHEQL
# environment
VS160COMCOMNTOOLS = C:\Program Files (x86)\Microsoft Visual Studio\2019\Community\Common7\Tools\
# environment
ONEDRIVECOMMERCIAL = D:\DATEN\OneDrive - via-internet-de - 2\OneDrive - via-internet.de
# environment
GO_HOME = D:\DevApps\Go
# environment
FPS_BROWSER_USER_PROFILE_STRING = Default
# environment
VSCODE_HANDLES_UNCAUGHT_ERRORS = true
# default
.VARIABLES := 
# environment
HUGO_HOME = D:\DevApps\Hugo\0.80.0_Extended
# automatic
%D = $(patsubst %/,%,$(patsubst %\,%,$(dir $%)))
# environment
ENVIRONMENTS = D:\CLOUD\Environments
# automatic
^D = $(patsubst %/,%,$(patsubst %\,%,$(dir $^)))
# automatic
%F = $(notdir $%)
# environment
VSCODE_CODE_CACHE_PATH = D:\KUNDEN\ERNST-YOUNG\Programme\VSCode\current\data\user-data\CachedData\1cd90cceddf3c413673963ab6f154d2ff294b17c
# environment
LANG = C
# default
.LOADED := 
# environment
TMP = C:\Users\rg\AppData\Local\Temp
# default
.INCLUDE_DIRS = .
# environment
PROCESSOR_ARCHITEW6432 = AMD64
# environment
LIBJABRA_TRACE_LEVEL = debug
# makefile
MAKEFLAGS = pqrR
# makefile (from 'Makefile', line 5)
FILE_CERTIFICATIONTOOLS := "../../../.env.node/lib/node_modules/powerbi-visuals-tools/lib/CertificateTools.js"
# environment
ONEDRIVE = D:\DATEN\OneDrive - via-internet-de - 2\OneDrive - via-internet.de
# environment
INTELLIJ IDEA COMMUNITY EDITION = C:\Program Files\JetBrains\IntelliJ IDEA Community Edition 2022.1.3\bin;
# environment
IDEA_HOME = D:\DevApps\IntelliJ IDEA Ultimate
# makefile
CURDIR := d:/KUNDEN/ERNST-YOUNG/Repositories.FromMe/PowerBI-Visuals_Tutorial_Starter
# environment
APPLICATION_INSIGHTS_NO_DIAGNOSTIC_CHANNEL = 1
# automatic
*D = $(patsubst %/,%,$(patsubst %\,%,$(dir $*)))
# environment
PROGRAMFILES = C:\Program Files (x86)
# environment
MFLAGS = -pqrR
# default
.SHELLFLAGS := -c
# environment
GITHUB_USER = r14r
# environment
COMMONPROGRAMW6432 = C:\Program Files\Common Files
# automatic
+D = $(patsubst %/,%,$(patsubst %\,%,$(dir $+)))
# makefile (from 'Makefile', line 1)
MAKEFILE_LIST := Makefile
# automatic
@F = $(notdir $@)
# environment
VSCODE_PID = 34012
# environment
CMAKE_HOME = D:\DevApps\CMake\3.19.6
# environment
ALIASES_NODE_VERSION = 1.0.1
# automatic
?D = $(patsubst %/,%,$(patsubst %\,%,$(dir $?)))
# environment
__PSLOCKDOWNPOLICY = 0
# environment
POSH_THEMES_PATH = C:\Users\rg\AppData\Local\Programs\oh-my-posh\themes
# environment
CHOCOLATEY_HOME = D:\APPDATA\Chocolatey
# environment
ONLINESERVICES = Online Services
# environment
PROGRAMS = D:\KUNDEN\ERNST-YOUNG\Programme
# environment
CHOCOLATEYBINROOT = D:\WinApps\ChocolateyApps
# environment
WT_PROFILE_ID = {484da676-8259-4e27-baa0-5b1f9f839961}
# automatic
*F = $(notdir $*)
# environment
NODE_ROOT = D:\CLOUD\Environments\NodeJS\18.4.0
# automatic
<D = $(patsubst %/,%,$(patsubst %\,%,$(dir $<)))
# environment
MYSQL_HOME = D:\SrvApps\XAMPP\8.0.7\mysql
# environment
HUB_CONFIG = D:\CLOUD\Environments\Github\hub.d\r14r
# environment
VSCODE_NLS_CONFIG = {"locale":"de","availableLanguages":{},"_languagePackSupport":true}
# environment
HOME_VSCODE = D:\KUNDEN\ERNST-YOUNG\Programme\VSCode\current
# environment
ENVIRONMENT = D:\KUNDEN\ERNST-YOUNG
# environment
ONEDRIVECONSUMER = C:\Users\rg\OneDrive
# default
MAKE_HOST := Windows32
# environment
ANDROID_HOME = D:\DevApps\Android\SDK
# environment
PROGRAMDATA = C:\ProgramData
# default
SHELL := sh.exe
# environment
HOMEPATH = \Users\rg
# default
MAKECMDGOALS := all
# environment
MYSQLCONNECTOR_ASSEMBLIESPATH = C:\Program Files (x86)\MySQL\Connector NET 8.0\Assemblies\v4.8
# environment
DRIVERDATA = C:\Windows\System32\Drivers\DriverData
# environment
COMSPEC = C:\WINDOWS\system32\cmd.exe
# environment
WINDIR = C:\WINDOWS
# environment
MAKELEVEL := 0
# default
MAKE = $(MAKE_COMMAND)
# environment
PATH = D:\DevApps\DeveloperTools\bin.ps1;D:\DevApps\DeveloperTools\bin;D:\DevApps\SysInternals;D:\WinApps\TeX\MiKTeX\miktex\bin\x64;D:\DevApps\Github CLI;D:\KUNDEN\ERNST-YOUNG\Programme\NodeJS\18.4.0\node;D:\KUNDEN\ERNST-YOUNG\Programme\NodeJS\18.4.0\npm;D:\KUNDEN\ERNST-YOUNG\Programme\NodeJS\18.4.0\node_modules\npm\bin;D:\KUNDEN\ERNST-YOUNG\Programme\NodeJS\18.4.0\pnpm;D:\CLOUD\Environments\PowerShell\;D:\KUNDEN\ERNST-YOUNG\Programme\VSCode\current\bin;D:\KUNDEN\ERNST-YOUNG\Programme\VSCode\current;D:\CLOUD\Environments\PowerShell\7.2.4;C:\WINDOWS\system32;C:\WINDOWS;C:\WINDOWS\System32\Wbem;D:\CLOUD\Environments\PowerShell\7.1.2;C:\WINDOWS\System32\WindowsPowerShell\v1.0\;C:\WINDOWS\System32\OpenSSH\;C:\Program Files (x86)\NVIDIA Corporation\PhysX\Common;C:\Program Files (x86)\Microsoft SDKs\Azure\CLI2\wbin;C:\Program Files (x86)\Microsoft SQL Server\150\DTS\Binn\;C:\Program Files\Microsoft SQL Server\150\Tools\Binn\;C:\Program Files\Microsoft SQL Server\130\Tools\Binn\;C:\Program Files\Microsoft SQL Server\Client SDK\ODBC\170\Tools\Binn\;C:\Users\rg\.cargo\bin;C:\Program Files (x86)\Common Files\Oracle\Java\javapath;D:\DevApps\CMake\3.19.6\bin;D:\DevApps\Android\Studio\bin;D:\DevApps\Android\SDK\emulator;D:\DevApps\Android\SDK\tools;D:\DevApps\Android\SDK\tools\bin;D:\DevApps\Android\SDK\platform-tools;D:\DevApps\IntelliJ IDEA Ultimate\bin;C:\Program Files\dotnet\;D:\DevApps\Azure\Azure Functions Core Tools\;D:\DevApps\Azure Data Studio\bin;C:\ProgramData\chocolatey\bin;D:\APPDATA\Chocolatey\bin;D:\APPDATA\Chocolatey\Tools;D:\APPDATA\Chocolatey\lib\Elixir/bin;D:\WinApps\ImageMagick\7.0.11-Q16;C:\Program Files\Microsoft\Web Platform Installer\;C:\Program Files\Google\Chrome\Application;D:\DevApps\Erlang\bin;D:\DevApps\Git\cmd;D:\DevApps\Github CLI\;D:\DevApps\Git LFS;D:\WinApps\Ghostscript\bin;C:\WINDOWS\system32;C:\WINDOWS;C:\WINDOWS\System32\Wbem;C:\WINDOWS\System32\WindowsPowerShell\v1.0\;C:\WINDOWS\System32\OpenSSH\;C:\Program Files\Azure Data Studio\bin;D:\DevApps\Vagrant\bin;;C:\Program Files\Docker\Docker\resources\bin;C:\ProgramData\DockerDesktop\version-bin;D:\CLOUD\Environments\r14r\Programme\Rust\bin;D:\CLOUD\Programmier-Workshops\Kurse\Rust\Programme\Rust\bin;C:\Program Files\MySQL\MySQL Shell 8.0\bin\;C:\Users\rg\AppData\Local\Volta\bin;C:\Users\rg\AppData\Local\Microsoft\WindowsApps;C:\Users\rg\.dotnet\tools;C:\Users\rg\AppData\Local\GitHubDesktop\bin;C:\Users\rg\AppData\Local\Programs\Microsoft VS Code\bin;D:\APPDATA\Chocolatey\Tools\dart-sdk\bin;C:\Users\rg\AppData\Roaming\Pub\Cache\bin;C:\Program Files\JetBrains\PyCharm 2021.3.3\bin;;D:\WinApps\TeX\MiKTeX\miktex\bin\x64\;C:\Users\rg\AppData\Local\Programs\oh-my-posh\bin;C:\Program Files\JetBrains\IntelliJ IDEA Community Edition 2022.1.3\bin;;D:\CLOUD\Programmier-Workshops\Kurse\Dart\Programme\Exercism
# environment
ZES_ENABLE_SYSMAN = 1
# environment
COMPUTERNAME = HP-RALPH
# default
MAKEFILES := 
# automatic
^F = $(notdir $^)
# environment
PYCHARM = C:\Program Files\JetBrains\PyCharm 2021.3.3\bin;
# environment
HOME_POWERSHELL = D:\CLOUD\Environments\PowerShell\
# environment
PROMPT = $P$G
# environment
CHOCOLATEYLASTPATHUPDATE = 132908856057378471
# environment
WT_SESSION = 7a067b1b-139a-4a24-aa71-b2a67a38e05a
# environment
POWERSHELL_HOME = D:\CLOUD\Environments\PowerShell\7.1.2
# environment
PTSMINSTALLPATH = c:\Program Files\HP\HP ProtectTools Security Manager\Bin\
# environment
LOGONSERVER = \\HP-RALPH
# environment
USE_VSCODE = current
# environment
USERNAME = rg
# environment
COMMONPROGRAMFILES = C:\Program Files (x86)\Common Files
# environment
RUST_HOME = C:\Users\rg\.cargo
# automatic
?F = $(notdir $?)
# environment
PROGRAMW6432 = C:\Program Files
# environment
PATHEXT = .COM;.EXE;.BAT;.CMD;.VBS;.VBE;.JS;.JSE;.WSF;.WSH;.MSC;.CPL
# automatic
+F = $(notdir $+)
# environment
ORIGINAL_XDG_CURRENT_DESKTOP = undefined
# environment
USERDOMAIN = HP-RALPH
# 'override' directive
GNUMAKEFLAGS := 
# environment
GIT_LFS_PATH = D:\DevApps\Git LFS
# environment
OS = Windows_NT
# environment
HUB_USER = r14r
# environment
GOOGLE_HOME = C:\Program Files\Google\Chrome\Application
# environment
VSCODE_PORTABLE = D:\KUNDEN\ERNST-YOUNG\Programme\VSCode\current\data
# makefile
.DEFAULT_GOAL := default
# default
MAKE_VERSION := 4.3
# environment
HOME_GITHUB = D:\CLOUD\Environments\Github
# environment
PLATFORMCODE = AN
# environment
HOME_MIKTEX = D:\WinApps\TeX\MiKTeX
# environment
PROGRAMFILES(X86) = C:\Program Files (x86)
# environment
USERDOMAIN_ROAMINGPROFILE = HP-RALPH
# environment
NUMBER_OF_PROCESSORS = 8
# environment
PUBLIC = C:\Users\Public
# environment
ALIASES_VERSION = 1.0.0
# environment
APPDATA = C:\Users\rg\AppData\Roaming
# environment
HOMEDRIVE = C:
# environment
VS160PROCOMNTOOLS = C:\Program Files (x86)\Microsoft Visual Studio\2019\Professional\Common7\Tools\
# environment
PHP_HOME = D:\SrvApps\XAMPP\8.0.7\php
# environment
PROCESSOR_ARCHITECTURE = x86
# environment
ANDROID_SDK = D:\DevApps\Android\SDK
# environment
VSCODE_AMD_ENTRYPOINT = vs/workbench/api/node/extensionHostProcess
# environment
COMMONPROGRAMFILES(X86) = C:\Program Files (x86)\Common Files
# environment
ELECTRON_RUN_AS_NODE = 1
# environment
ANT_HOME = C:\ProgramData\chocolatey\lib\ant\tools\apache-ant-1.10.9
# environment
TEMP = C:\Users\rg\AppData\Local\Temp
# environment
VSCODE_IPC_HOOK = \\.\pipe\ca1703dadb569c735f1ffa864b9ad594-1.70.0-insider-main-sock
# default
.RECIPEPREFIX := 
# automatic
<F = $(notdir $<)
# default
SUFFIXES := 
# environment
ALLUSERSPROFILE = C:\ProgramData
# environment
PYTHON3_HOME = D:\CLOUD\Environments\Python\3.9.6
# environment
VSCODE_CLI = 1
# environment
ELECTRON_NO_ATTACH_CONSOLE = 1
# default
.FEATURES := target-specific order-only second-expansion else-if shortest-stem undefine oneshell nocomment grouped-target extra-prereqs archives jobserver output-sync load
# environment
REGIONCODE = EMEA
# environment
PROCESSOR_REVISION = 8e0c
# environment
PYTHON2_HOME = D:\DevApps\Python\2
# environment
DEVELOPERTOOLS_HOME = D:\DevApps\DeveloperTools
# environment
USE_NODE = 18.4.0
# environment
CHOCOLATEYTOOLSLOCATION = D:\APPDATA\Chocolatey\Tools
# environment
PROCESSOR_IDENTIFIER = Intel64 Family 6 Model 142 Stepping 12, GenuineIntel
# variable set hash-table stats:
# Load=158/1024=15%, Rehash=0, Collisions=18/185=10%

# Pattern-specific Variable Values

# No pattern-specific variable values.

# Directories

# . (key d:/KUNDEN/ERNST-YOUNG/Repositories.FromMe/PowerBI-Visuals_Tutorial_Starter, mtime 1658130086): 18 files, no impossibilities.

# 18 files, no impossibilities in 1 directories.

# Implicit Rules

# No implicit rules.

# Files

install_cert_fix: clean_certs
#  Implicit rule search has not been done.
#  Modification time never checked.
#  File has not been updated.
#  recipe to execute (from 'Makefile', line 12):
	sed -i '' '1,$$s/const subject = "localhost"/const subject = "PowerBi Visual: Created with pbiviz"/g' $(FILE_CERTIFICATIONTOOLS)

start:
#  Implicit rule search has not been done.
#  Modification time never checked.
#  File has not been updated.
#  recipe to execute (from 'Makefile', line 25):
	pbiviz start

clean_certs:
#  Implicit rule search has not been done.
#  Modification time never checked.
#  File has not been updated.
#  recipe to execute (from 'Makefile', line 18):
	rm -f ../../../.env.node/lib/node_modules/powerbi-visuals-tools/certs/PowerBICustomVisualTest_p*

package:
#  Implicit rule search has not been done.
#  Modification time never checked.
#  File has not been updated.
#  recipe to execute (from 'Makefile', line 28):
	pbiviz package

default:
#  Implicit rule search has not been done.
#  Modification time never checked.
#  File has not been updated.
#  recipe to execute (from 'Makefile', line 2):
	cat Makefile

cert:
#  Implicit rule search has not been done.
#  Modification time never checked.
#  File has not been updated.
#  recipe to execute (from 'Makefile', line 8):
	pbiviz --install-cert
	echo "Finally: Edit Cert in Certification Manager - set Vertrauen to 'Immer Vertrauen'"

# Not a target:
Makefile:
#  Implicit rule search has been done.
#  Last modified 2022-07-18 08:27:46
#  File has been updated.
#  Successfully updated.

install_cert_edit:
#  Implicit rule search has not been done.
#  Modification time never checked.
#  File has not been updated.
#  recipe to execute (from 'Makefile', line 15):
	vi $(FILE_CERTIFICATIONTOOLS)

# Not a target:
.DEFAULT:
#  Implicit rule search has not been done.
#  Modification time never checked.
#  File has not been updated.

# Not a target:
all:
#  Command line target.
#  Implicit rule search has been done.
#  File does not exist.
#  File has not been updated.

install:
#  Implicit rule search has not been done.
#  Modification time never checked.
#  File has not been updated.
#  recipe to execute (from 'Makefile', line 22):
	pnpm install
	

# files hash-table stats:
# Load=12/1024=1%, Rehash=0, Collisions=0/24=0%
# VPATH Search Paths

# No 'vpath' search paths.

# No general ('VPATH' variable) search path.

# strcache buffers: 1 (0) / strings = 29 / storage = 284 B / avg = 9 B
# current buf: size = 8174 B / used = 284 B / count = 29 / avg = 9 B

# strcache performance: lookups = 42 / hit rate = 30%
# hash-table stats:
# Load=29/8192=0%, Rehash=0, Collisions=2/42=5%
# Finished Make data base on Mon Jul 18 09:44:15 2022

 
